#
# There is insufficient memory for the Java Runtime Environment to continue.
# Native memory allocation (malloc) failed to allocate 845936 bytes for Chunk::new
# Possible reasons:
#   The system is out of physical RAM or swap space
#   The process is running with CompressedOops enabled, and the Java Heap may be blocking the growth of the native heap
# Possible solutions:
#   Reduce memory load on the system
#   Increase physical memory or swap space
#   Check if swap backing store is full
#   Decrease Java heap size (-Xmx/-Xms)
#   Decrease number of Java threads
#   Decrease Java thread stack sizes (-Xss)
#   Set larger code cache with -XX:ReservedCodeCacheSize=
#   JVM is running with Unscaled Compressed Oops mode in which the Java heap is
#     placed in the first 4GB address space. The Java Heap base address is the
#     maximum limit for the native heap growth. Please use -XX:HeapBaseMinAddress
#     to set the Java Heap base and to place the Java Heap above 4GB virtual address.
# This output file may be truncated or incomplete.
#
#  Out of Memory Error (allocation.cpp:389), pid=528, tid=0x0000000000002014
#
# JRE version: OpenJDK Runtime Environment (8.0_242-b01) (build 1.8.0_242-release-1644-b01)
# Java VM: OpenJDK 64-Bit Server VM (25.242-b01 mixed mode windows-amd64 compressed oops)
# Failed to write core dump. Minidumps are not enabled by default on client versions of Windows
#

---------------  T H R E A D  ---------------

Current thread (0x0000000005d6b000):  JavaThread "C2 CompilerThread2" daemon [_thread_in_native, id=8212, stack(0x0000000007250000,0x0000000007350000)]

Stack: [0x0000000007250000,0x0000000007350000]
[error occurred during error reporting (printing stack bounds), id 0xc0000005]

Native frames: (J=compiled Java code, j=interpreted, Vv=VM code, C=native code)


Current CompileTask:
C2:4722705 17673   !   4       java.io.ObjectOutputStream::writeObject0 (619 bytes)


---------------  P R O C E S S  ---------------

Java Threads: ( => current thread )
  0x000000006138f000 JavaThread "stdout" [_thread_in_native, id=10588, stack(0x000000006e5a0000,0x000000006e6a0000)]
  0x000000006138c800 JavaThread "stderr" [_thread_in_native, id=6648, stack(0x000000006d7b0000,0x000000006d8b0000)]
  0x000000006138f800 JavaThread "stdout" [_thread_in_native, id=10876, stack(0x000000006e430000,0x000000006e530000)]
  0x000000006138c000 JavaThread "stderr" [_thread_in_native, id=4664, stack(0x000000006e330000,0x000000006e430000)]
  0x000000006138e000 JavaThread "stdout" [_thread_in_native, id=6624, stack(0x000000006def0000,0x000000006dff0000)]
  0x000000006138d800 JavaThread "stderr" [_thread_in_native, id=4212, stack(0x000000006d930000,0x000000006da30000)]
  0x000000005fa8f000 JavaThread "WorkerExecutor Queue Thread 8" [_thread_blocked, id=7824, stack(0x000000006e170000,0x000000006e270000)]
  0x000000005fa8d800 JavaThread "MarlinRenderer Disposer" daemon [_thread_blocked, id=7936, stack(0x000000006dd30000,0x000000006de30000)]
  0x000000005fa8d000 JavaThread "Java2D Disposer" daemon [_thread_blocked, id=9868, stack(0x000000006d530000,0x000000006d630000)]
  0x000000005fa8c000 JavaThread "WorkerExecutor Queue Thread 7" [_thread_blocked, id=10804, stack(0x000000006d0d0000,0x000000006d1d0000)]
  0x000000005fa8b800 JavaThread "WorkerExecutor Queue Thread 6" [_thread_blocked, id=8404, stack(0x000000006d630000,0x000000006d730000)]
  0x000000005fa8a800 JavaThread "WorkerExecutor Queue Thread 5" [_thread_blocked, id=8688, stack(0x000000006d420000,0x000000006d520000)]
  0x000000005fa8a000 JavaThread "WorkerExecutor Queue Thread 4" [_thread_blocked, id=4652, stack(0x000000006d210000,0x000000006d310000)]
  0x000000005fa89000 JavaThread "WorkerExecutor Queue Thread 3" [_thread_blocked, id=5680, stack(0x000000006c5e0000,0x000000006c6e0000)]
  0x000000005fa88800 JavaThread "WorkerExecutor Queue Thread 2" [_thread_blocked, id=3240, stack(0x000000006c420000,0x000000006c520000)]
  0x0000000062d34000 JavaThread "WorkerExecutor Queue" [_thread_blocked, id=10596, stack(0x000000006c2b0000,0x000000006c3b0000)]
  0x0000000062d31800 JavaThread "stdout" [_thread_in_native, id=6704, stack(0x000000006ca60000,0x000000006cb60000)]
  0x0000000062d31000 JavaThread "stderr" [_thread_in_native, id=8440, stack(0x000000006b730000,0x000000006b830000)]
  0x0000000062d30000 JavaThread "stdout" [_thread_in_native, id=8904, stack(0x000000006cfc0000,0x000000006d0c0000)]
  0x0000000062d2f800 JavaThread "stderr" [_thread_in_native, id=9252, stack(0x000000006ce10000,0x000000006cf10000)]
  0x0000000062d2e800 JavaThread "stdout" [_thread_in_native, id=11176, stack(0x000000006ccd0000,0x000000006cdd0000)]
  0x0000000062d2e000 JavaThread "stderr" [_thread_in_native, id=7960, stack(0x000000006cbd0000,0x000000006ccd0000)]
  0x0000000062d2d000 JavaThread "pool-9-thread-1" [_thread_blocked, id=7448, stack(0x000000006bfa0000,0x000000006c0a0000)]
  0x0000000064a4b000 JavaThread "Cache worker for execution history cache (D:\ArrianSchoo\Summer2020\FlashCardProject\.gradle\6.1.1\executionHistory)" [_thread_blocked, id=7832, stack(0x000000006c710000,0x000000006c810000)]
  0x0000000064a49800 JavaThread "Execution worker for ':' Thread 7" [_thread_blocked, id=8052, stack(0x000000006c0f0000,0x000000006c1f0000)]
  0x0000000064a48800 JavaThread "Execution worker for ':' Thread 6" [_thread_blocked, id=6084, stack(0x000000006b940000,0x000000006ba40000)]
  0x0000000064a48000 JavaThread "Execution worker for ':' Thread 5" [_thread_blocked, id=8028, stack(0x000000006bea0000,0x000000006bfa0000)]
  0x0000000064a47000 JavaThread "Execution worker for ':' Thread 4" [_thread_blocked, id=8664, stack(0x00000000655b0000,0x00000000656b0000)]
  0x0000000064a46800 JavaThread "Execution worker for ':' Thread 3" [_thread_blocked, id=10076, stack(0x000000006bcf0000,0x000000006bdf0000)]
  0x0000000064a45800 JavaThread "Execution worker for ':' Thread 2" [_thread_in_native, id=2816, stack(0x000000006bba0000,0x000000006bca0000)]
  0x000000005bed7000 JavaThread "Execution worker for ':'" [_thread_in_Java, id=11048, stack(0x000000006ba90000,0x000000006bb90000)]
  0x0000000064a45000 JavaThread "Cache worker for file content cache (D:\ArrianSchoo\Summer2020\FlashCardProject\.gradle\6.1.1\fileContent)" [_thread_blocked, id=5816, stack(0x000000006b830000,0x000000006b930000)]
  0x0000000064a44000 JavaThread "Cache worker for file content cache (C:\Users\techp\.gradle\caches\6.1.1\fileContent)" [_thread_blocked, id=10272, stack(0x000000005e8d0000,0x000000005e9d0000)]
  0x000000005bed4000 JavaThread "Cache worker for Build Output Cleanup Cache (D:\ArrianSchoo\Summer2020\FlashCardProject\.gradle\buildOutputCleanup)" [_thread_blocked, id=5952, stack(0x000000006b610000,0x000000006b710000)]
  0x000000005c54c000 JavaThread "Build operations Thread 8" [_thread_blocked, id=680, stack(0x000000006b4c0000,0x000000006b5c0000)]
  0x000000005c54c800 JavaThread "Build operations Thread 7" [_thread_blocked, id=6868, stack(0x000000006aa00000,0x000000006ab00000)]
  0x000000005c54d800 JavaThread "Build operations Thread 6" [_thread_blocked, id=7888, stack(0x000000006ad80000,0x000000006ae80000)]
  0x000000005bed9000 JavaThread "Build operations Thread 5" [_thread_blocked, id=8960, stack(0x00000000688c0000,0x00000000689c0000)]
  0x000000005bed1000 JavaThread "Build operations Thread 4" [_thread_blocked, id=1912, stack(0x000000006a640000,0x000000006a740000)]
  0x000000005beda800 JavaThread "Build operations Thread 3" [_thread_blocked, id=8272, stack(0x00000000676e0000,0x00000000677e0000)]
  0x000000005bedd000 JavaThread "Build operations Thread 2" [_thread_blocked, id=11148, stack(0x0000000063340000,0x0000000063440000)]
  0x000000005bed0000 JavaThread "Build operations" [_thread_blocked, id=10692, stack(0x0000000066970000,0x0000000066a70000)]
  0x0000000005d6e800 JavaThread "Cache worker for cache directory md-rule (C:\Users\techp\.gradle\caches\6.1.1\md-rule)" [_thread_blocked, id=6368, stack(0x000000005f100000,0x000000005f200000)]
  0x0000000005d6f000 JavaThread "Cache worker for cache directory md-supplier (C:\Users\techp\.gradle\caches\6.1.1\md-supplier)" [_thread_blocked, id=10560, stack(0x0000000065190000,0x0000000065290000)]
  0x0000000005d72000 JavaThread "Cache worker for file hash cache (D:\ArrianSchoo\Summer2020\FlashCardProject\.gradle\6.1.1\fileHashes)" [_thread_blocked, id=10328, stack(0x0000000061ef0000,0x0000000061ff0000)]
  0x0000000005d70000 JavaThread "Cache worker for checksums cache (D:\ArrianSchoo\Summer2020\FlashCardProject\.gradle\checksums)" [_thread_blocked, id=7088, stack(0x0000000063230000,0x0000000063330000)]
  0x0000000005d79800 JavaThread "Thread-88" [_thread_blocked, id=9928, stack(0x000000005f320000,0x000000005f420000)]
  0x0000000005d7a800 JavaThread "Stdin handler" [_thread_blocked, id=7744, stack(0x0000000061dc0000,0x0000000061ec0000)]
  0x0000000005d79000 JavaThread "Asynchronous log dispatcher for DefaultDaemonConnection: socket connection from /127.0.0.1:49663 to /127.0.0.1:51362" [_thread_blocked, id=7040, stack(0x000000005e370000,0x000000005e470000)]
  0x0000000005d76800 JavaThread "Daemon worker Thread 3" [_thread_blocked, id=476, stack(0x000000005f220000,0x000000005f320000)]
  0x0000000005d78000 JavaThread "Cancel handler" [_thread_blocked, id=5432, stack(0x000000005ed80000,0x000000005ee80000)]
  0x0000000005d77800 JavaThread "Handler for socket connection from /127.0.0.1:49663 to /127.0.0.1:51362" [_thread_in_native, id=9296, stack(0x000000005ec80000,0x000000005ed80000)]
  0x0000000005d70800 JavaThread "Daemon Thread 3" [_thread_blocked, id=11232, stack(0x0000000007a30000,0x0000000007b30000)]
  0x000000005bed3000 JavaThread "Memory manager" [_thread_blocked, id=8932, stack(0x0000000067f60000,0x0000000068060000)]
  0x0000000005d71800 JavaThread "Cache worker for execution history cache (C:\Users\techp\.gradle\caches\6.1.1\executionHistory)" [_thread_blocked, id=8384, stack(0x0000000063470000,0x0000000063570000)]
  0x0000000005d6d800 JavaThread "Cache worker for file hash cache (C:\Users\techp\.gradle\caches\6.1.1\fileHashes)" [_thread_blocked, id=8328, stack(0x000000005f920000,0x000000005fa20000)]
  0x0000000005d6c800 JavaThread "File lock request listener" [_thread_in_native, id=8324, stack(0x000000005f7c0000,0x000000005f8c0000)]
  0x000000005bbca000 JavaThread "Cache worker for journal cache (C:\Users\techp\.gradle\caches\journal-1)" [_thread_blocked, id=8320, stack(0x000000005f6a0000,0x000000005f7a0000)]
  0x000000005d4a1800 JavaThread "Daemon periodic checks" [_thread_blocked, id=8252, stack(0x000000005e5d0000,0x000000005e6d0000)]
  0x000000005d4a0000 JavaThread "Incoming local TCP Connector on port 49663" [_thread_in_native, id=8248, stack(0x000000005e4a0000,0x000000005e5a0000)]
  0x000000005d4d4800 JavaThread "Daemon health stats" [_thread_blocked, id=8240, stack(0x000000005cfc0000,0x000000005d0c0000)]
  0x0000000005dff800 JavaThread "Service Thread" daemon [_thread_blocked, id=8220, stack(0x0000000007b40000,0x0000000007c40000)]
  0x0000000005d6c000 JavaThread "C1 CompilerThread3" daemon [_thread_blocked, id=8216, stack(0x0000000007900000,0x0000000007a00000)]
=>0x0000000005d6b000 JavaThread "C2 CompilerThread2" daemon [_thread_in_native, id=8212, stack(0x0000000007250000,0x0000000007350000)]
  0x0000000005d66800 JavaThread "C2 CompilerThread1" daemon [_thread_in_native, id=8208, stack(0x0000000007750000,0x0000000007850000)]
  0x0000000004dba000 JavaThread "C2 CompilerThread0" daemon [_thread_in_native, id=8204, stack(0x0000000007510000,0x0000000007610000)]
  0x0000000005d5f800 JavaThread "Attach Listener" daemon [_thread_blocked, id=8200, stack(0x00000000073b0000,0x00000000074b0000)]
  0x0000000005d5e000 JavaThread "Signal Dispatcher" daemon [_thread_blocked, id=8196, stack(0x0000000006e80000,0x0000000006f80000)]
  0x0000000004daf800 JavaThread "Finalizer" daemon [_thread_blocked, id=6800, stack(0x0000000007150000,0x0000000007250000)]
  0x0000000004da8800 JavaThread "Reference Handler" daemon [_thread_blocked, id=7048, stack(0x0000000006fc0000,0x00000000070c0000)]
  0x00000000021ef000 JavaThread "main" [_thread_blocked, id=7008, stack(0x0000000002320000,0x0000000002420000)]

Other Threads:
  0x0000000004da0000 VMThread [stack: 0x0000000006d20000,0x0000000006e20000] [id=6428]
  0x0000000005e08800 WatcherThread [stack: 0x000000005b690000,0x000000005b790000] [id=8224]

VM state:not at safepoint (normal execution)

VM Mutex/Monitor currently owned by a thread: None

heap address: 0x0000000080000000, size: 2048 MB, Compressed Oops mode: 32-bit
Narrow klass base: 0x0000000000000000, Narrow klass shift: 0
Compressed class space size: 1073741824 Address: 0x000000001b580000

Heap:
 PSYoungGen      total 608768K, used 320874K [0x00000000d5580000, 0x00000000fe180000, 0x0000000100000000)
  eden space 571392K, 52% used [0x00000000d5580000,0x00000000e7b18968,0x00000000f8380000)
  from space 37376K, 54% used [0x00000000fbd00000,0x00000000fd0c1fe0,0x00000000fe180000)
  to   space 48128K, 0% used [0x00000000f8380000,0x00000000f8380000,0x00000000fb280000)
 ParOldGen       total 267776K, used 58807K [0x0000000080000000, 0x0000000090580000, 0x00000000d5580000)
  object space 267776K, 21% used [0x0000000080000000,0x000000008396de88,0x0000000090580000)
 Metaspace       used 98536K, capacity 103176K, committed 103832K, reserved 1138688K
  class space    used 12546K, capacity 13491K, committed 13744K, reserved 1048576K

Card table byte_map: [0x0000000002ab0000,0x0000000002ec0000] byte_map_base: 0x00000000026b0000

Marking Bits: (ParMarkBitMap*) 0x00000000084ff030
 Begin Bits: [0x0000000017580000, 0x0000000019580000)
 End Bits:   [0x0000000019580000, 0x000000001b580000)

Polling page: 0x0000000000230000

CodeCache: size=245760Kb used=51467Kb max_used=51493Kb free=194292Kb
 bounds [0x0000000008580000, 0x000000000b810000, 0x0000000017580000]
 total_blobs=15802 nmethods=14786 adapters=927
 compilation: enabled

Compilation events (10 events):
Event: 4722.297 Thread 0x0000000005d6c000 17747       2       org.gradle.internal.operations.DefaultBuildOperationExecutor::createDescriptor (47 bytes)
Event: 4722.297 Thread 0x0000000005d6c000 nmethod 17747 0x000000000b7f4d90 code [0x000000000b7f4f20, 0x000000000b7f52a8]
Event: 4722.297 Thread 0x0000000005d6c000 17746   !   2       com.google.common.cache.LocalCache$Segment::get (210 bytes)
Event: 4722.300 Thread 0x0000000005d6c000 nmethod 17746 0x000000000b7ffa50 code [0x000000000b7ffd80, 0x000000000b800a68]
Event: 4722.300 Thread 0x0000000005d6c000 17748       2       org.gradle.execution.plan.LocalTaskNode::getResourcesToLock (25 bytes)
Event: 4722.300 Thread 0x0000000005d6c000 nmethod 17748 0x000000000b7f49d0 code [0x000000000b7f4b40, 0x000000000b7f4ce8]
Event: 4722.303 Thread 0x0000000005d6c000 17749       1       org.gradle.execution.plan.LocalTaskNode::getTask (5 bytes)
Event: 4722.303 Thread 0x0000000005d6c000 nmethod 17749 0x000000000b7f7750 code [0x000000000b7f78a0, 0x000000000b7f79b0]
Event: 4722.312 Thread 0x0000000005d6c000 17751       2       java.io.Bits::putFloat (10 bytes)
Event: 4722.313 Thread 0x0000000005d6c000 nmethod 17751 0x000000000b7f4650 code [0x000000000b7f47a0, 0x000000000b7f4928]

GC Heap History (10 events):
Event: 4718.939 GC heap before
{Heap before GC invocations=18 (full 4):
 PSYoungGen      total 358400K, used 355840K [0x00000000d5580000, 0x00000000f0500000, 0x0000000100000000)
  eden space 355840K, 100% used [0x00000000d5580000,0x00000000eb100000,0x00000000eb100000)
  from space 2560K, 0% used [0x00000000ebe00000,0x00000000ebe00000,0x00000000ec080000)
  to   space 43008K, 0% used [0x00000000edb00000,0x00000000edb00000,0x00000000f0500000)
 ParOldGen       total 267776K, used 49861K [0x0000000080000000, 0x0000000090580000, 0x00000000d5580000)
  object space 267776K, 18% used [0x0000000080000000,0x00000000830b1728,0x0000000090580000)
 Metaspace       used 93615K, capacity 98052K, committed 99224K, reserved 1134592K
  class space    used 12009K, capacity 12921K, committed 13232K, reserved 1048576K
Event: 4718.954 GC heap after
Heap after GC invocations=18 (full 4):
 PSYoungGen      total 401408K, used 16469K [0x00000000d5580000, 0x00000000f2e00000, 0x0000000100000000)
  eden space 358400K, 0% used [0x00000000d5580000,0x00000000d5580000,0x00000000eb380000)
  from space 43008K, 38% used [0x00000000edb00000,0x00000000eeb157c0,0x00000000f0500000)
  to   space 40448K, 0% used [0x00000000eb380000,0x00000000eb380000,0x00000000edb00000)
 ParOldGen       total 267776K, used 49869K [0x0000000080000000, 0x0000000090580000, 0x00000000d5580000)
  object space 267776K, 18% used [0x0000000080000000,0x00000000830b3728,0x0000000090580000)
 Metaspace       used 93615K, capacity 98052K, committed 99224K, reserved 1134592K
  class space    used 12009K, capacity 12921K, committed 13232K, reserved 1048576K
}
Event: 4719.220 GC heap before
{Heap before GC invocations=19 (full 4):
 PSYoungGen      total 401408K, used 374869K [0x00000000d5580000, 0x00000000f2e00000, 0x0000000100000000)
  eden space 358400K, 100% used [0x00000000d5580000,0x00000000eb380000,0x00000000eb380000)
  from space 43008K, 38% used [0x00000000edb00000,0x00000000eeb157c0,0x00000000f0500000)
  to   space 40448K, 0% used [0x00000000eb380000,0x00000000eb380000,0x00000000edb00000)
 ParOldGen       total 267776K, used 49869K [0x0000000080000000, 0x0000000090580000, 0x00000000d5580000)
  object space 267776K, 18% used [0x0000000080000000,0x00000000830b3728,0x0000000090580000)
 Metaspace       used 93643K, capacity 98052K, committed 99224K, reserved 1134592K
  class space    used 12009K, capacity 12921K, committed 13232K, reserved 1048576K
Event: 4719.238 GC heap after
Heap after GC invocations=19 (full 4):
 PSYoungGen      total 398848K, used 35769K [0x00000000d5580000, 0x00000000f6600000, 0x0000000100000000)
  eden space 358400K, 0% used [0x00000000d5580000,0x00000000d5580000,0x00000000eb380000)
  from space 40448K, 88% used [0x00000000eb380000,0x00000000ed66e6a0,0x00000000edb00000)
  to   space 45568K, 0% used [0x00000000f3980000,0x00000000f3980000,0x00000000f6600000)
 ParOldGen       total 267776K, used 49869K [0x0000000080000000, 0x0000000090580000, 0x00000000d5580000)
  object space 267776K, 18% used [0x0000000080000000,0x00000000830b3728,0x0000000090580000)
 Metaspace       used 93643K, capacity 98052K, committed 99224K, reserved 1134592K
  class space    used 12009K, capacity 12921K, committed 13232K, reserved 1048576K
}
Event: 4719.556 GC heap before
{Heap before GC invocations=20 (full 4):
 PSYoungGen      total 398848K, used 394169K [0x00000000d5580000, 0x00000000f6600000, 0x0000000100000000)
  eden space 358400K, 100% used [0x00000000d5580000,0x00000000eb380000,0x00000000eb380000)
  from space 40448K, 88% used [0x00000000eb380000,0x00000000ed66e6a0,0x00000000edb00000)
  to   space 45568K, 0% used [0x00000000f3980000,0x00000000f3980000,0x00000000f6600000)
 ParOldGen       total 267776K, used 49869K [0x0000000080000000, 0x0000000090580000, 0x00000000d5580000)
  object space 267776K, 18% used [0x0000000080000000,0x00000000830b3728,0x0000000090580000)
 Metaspace       used 93722K, capacity 98116K, committed 99224K, reserved 1134592K
  class space    used 12010K, capacity 12921K, committed 13232K, reserved 1048576K
Event: 4719.628 GC heap after
Heap after GC invocations=20 (full 4):
 PSYoungGen      total 493568K, used 31086K [0x00000000d5580000, 0x00000000fa000000, 0x0000000100000000)
  eden space 448000K, 0% used [0x00000000d5580000,0x00000000d5580000,0x00000000f0b00000)
  from space 45568K, 68% used [0x00000000f3980000,0x00000000f57dbb20,0x00000000f6600000)
  to   space 47616K, 0% used [0x00000000f0b00000,0x00000000f0b00000,0x00000000f3980000)
 ParOldGen       total 267776K, used 49869K [0x0000000080000000, 0x0000000090580000, 0x00000000d5580000)
  object space 267776K, 18% used [0x0000000080000000,0x00000000830b3728,0x0000000090580000)
 Metaspace       used 93722K, capacity 98116K, committed 99224K, reserved 1134592K
  class space    used 12010K, capacity 12921K, committed 13232K, reserved 1048576K
}
Event: 4719.991 GC heap before
{Heap before GC invocations=21 (full 4):
 PSYoungGen      total 493568K, used 479086K [0x00000000d5580000, 0x00000000fa000000, 0x0000000100000000)
  eden space 448000K, 100% used [0x00000000d5580000,0x00000000f0b00000,0x00000000f0b00000)
  from space 45568K, 68% used [0x00000000f3980000,0x00000000f57dbb20,0x00000000f6600000)
  to   space 47616K, 0% used [0x00000000f0b00000,0x00000000f0b00000,0x00000000f3980000)
 ParOldGen       total 267776K, used 49869K [0x0000000080000000, 0x0000000090580000, 0x00000000d5580000)
  object space 267776K, 18% used [0x0000000080000000,0x00000000830b3728,0x0000000090580000)
 Metaspace       used 94232K, capacity 98668K, committed 99736K, reserved 1136640K
  class space    used 12085K, capacity 12979K, committed 13232K, reserved 1048576K
Event: 4720.044 GC heap after
Heap after GC invocations=21 (full 4):
 PSYoungGen      total 495616K, used 36729K [0x00000000d5580000, 0x00000000fef00000, 0x0000000100000000)
  eden space 448000K, 0% used [0x00000000d5580000,0x00000000d5580000,0x00000000f0b00000)
  from space 47616K, 77% used [0x00000000f0b00000,0x00000000f2ede4b8,0x00000000f3980000)
  to   space 51200K, 0% used [0x00000000fbd00000,0x00000000fbd00000,0x00000000fef00000)
 ParOldGen       total 267776K, used 58308K [0x0000000080000000, 0x0000000090580000, 0x00000000d5580000)
  object space 267776K, 21% used [0x0000000080000000,0x00000000838f1078,0x0000000090580000)
 Metaspace       used 94232K, capacity 98668K, committed 99736K, reserved 1136640K
  class space    used 12085K, capacity 12979K, committed 13232K, reserved 1048576K
}
Event: 4721.017 GC heap before
{Heap before GC invocations=22 (full 4):
 PSYoungGen      total 495616K, used 484729K [0x00000000d5580000, 0x00000000fef00000, 0x0000000100000000)
  eden space 448000K, 100% used [0x00000000d5580000,0x00000000f0b00000,0x00000000f0b00000)
  from space 47616K, 77% used [0x00000000f0b00000,0x00000000f2ede4b8,0x00000000f3980000)
  to   space 51200K, 0% used [0x00000000fbd00000,0x00000000fbd00000,0x00000000fef00000)
 ParOldGen       total 267776K, used 58308K [0x0000000080000000, 0x0000000090580000, 0x00000000d5580000)
  object space 267776K, 21% used [0x0000000080000000,0x00000000838f1078,0x0000000090580000)
 Metaspace       used 95592K, capacity 100142K, committed 101144K, reserved 1136640K
  class space    used 12239K, capacity 13160K, committed 13360K, reserved 1048576K
Event: 4721.035 GC heap after
Heap after GC invocations=22 (full 4):
 PSYoungGen      total 608768K, used 20231K [0x00000000d5580000, 0x00000000fe180000, 0x0000000100000000)
  eden space 571392K, 0% used [0x00000000d5580000,0x00000000d5580000,0x00000000f8380000)
  from space 37376K, 54% used [0x00000000fbd00000,0x00000000fd0c1fe0,0x00000000fe180000)
  to   space 48128K, 0% used [0x00000000f8380000,0x00000000f8380000,0x00000000fb280000)
 ParOldGen       total 267776K, used 58807K [0x0000000080000000, 0x0000000090580000, 0x00000000d5580000)
  object space 267776K, 21% used [0x0000000080000000,0x000000008396de88,0x0000000090580000)
 Metaspace       used 95592K, capacity 100142K, committed 101144K, reserved 1136640K
  class space    used 12239K, capacity 13160K, committed 13360K, reserved 1048576K
}

Deoptimization events (10 events):
Event: 4722.119 Thread 0x0000000064a48000 Uncommon trap: reason=bimorphic action=maybe_recompile pc=0x000000000b692d30 method=com.sun.org.apache.xerces.internal.dom.ElementImpl.getAttributes()Lorg/w3c/dom/NamedNodeMap; @ 8
Event: 4722.127 Thread 0x0000000064a48000 Uncommon trap: reason=bimorphic action=maybe_recompile pc=0x000000000b692d30 method=com.sun.org.apache.xerces.internal.dom.ElementImpl.getAttributes()Lorg/w3c/dom/NamedNodeMap; @ 8
Event: 4722.127 Thread 0x0000000064a48000 Uncommon trap: reason=bimorphic action=maybe_recompile pc=0x000000000b692d30 method=com.sun.org.apache.xerces.internal.dom.ElementImpl.getAttributes()Lorg/w3c/dom/NamedNodeMap; @ 8
Event: 4722.128 Thread 0x0000000064a48000 Uncommon trap: reason=bimorphic action=maybe_recompile pc=0x000000000b692d30 method=com.sun.org.apache.xerces.internal.dom.ElementImpl.getAttributes()Lorg/w3c/dom/NamedNodeMap; @ 8
Event: 4722.144 Thread 0x0000000064a48000 Uncommon trap: reason=unstable_if action=reinterpret pc=0x000000000b64c5b8 method=com.android.utils.XmlUtils.toXmlAttributeValue(Ljava/lang/String;)Ljava/lang/String; @ 33
Event: 4722.144 Thread 0x0000000064a48000 Uncommon trap: reason=unstable_if action=reinterpret pc=0x000000000b76d1e4 method=com.android.utils.XmlUtils.append(Lcom/android/utils/XmlUtils$PositionAwareStringBuilder;Lorg/w3c/dom/Node;Ljava/util/Map;Ljava/util/Set;)V @ 540
Event: 4722.144 Thread 0x0000000064a48000 Uncommon trap: reason=unstable_if action=reinterpret pc=0x000000000b76d1e4 method=com.android.utils.XmlUtils.append(Lcom/android/utils/XmlUtils$PositionAwareStringBuilder;Lorg/w3c/dom/Node;Ljava/util/Map;Ljava/util/Set;)V @ 540
Event: 4722.156 Thread 0x0000000064a48000 Uncommon trap: reason=unstable_if action=reinterpret pc=0x000000000b76d1e4 method=com.android.utils.XmlUtils.append(Lcom/android/utils/XmlUtils$PositionAwareStringBuilder;Lorg/w3c/dom/Node;Ljava/util/Map;Ljava/util/Set;)V @ 540
Event: 4722.157 Thread 0x0000000064a48000 Uncommon trap: reason=unstable_if action=reinterpret pc=0x000000000b762510 method=sun.nio.cs.UTF_8$Encoder.encodeArrayLoop(Ljava/nio/CharBuffer;Ljava/nio/ByteBuffer;)Ljava/nio/charset/CoderResult; @ 175
Event: 4722.309 Thread 0x000000005bed7000 Uncommon trap: reason=unstable_if action=reinterpret pc=0x00000000086a8cf8 method=java.util.Optional.filter(Ljava/util/function/Predicate;)Ljava/util/Optional; @ 24

Classes redefined (0 events):
No events

Internal exceptions (10 events):
Event: 4721.554 Thread 0x000000005fa89000 Exception <a 'java/io/FileNotFoundException'> (0x00000000e3b256a8) thrown at [C:\src\AOSP-openjdk-git\hotspot\src\share\vm\prims\jni.cpp, line 710]
Event: 4721.617 Thread 0x000000005fa89000 Exception <a 'java/io/FileNotFoundException'> (0x00000000e3b41920) thrown at [C:\src\AOSP-openjdk-git\hotspot\src\share\vm\prims\jni.cpp, line 710]
Event: 4722.144 Thread 0x0000000064a48000 Implicit null exception at 0x000000000b76f23a to 0x000000000b76d1c5
Event: 4722.144 Thread 0x0000000064a48000 Implicit null exception at 0x000000000b76f23a to 0x000000000b76d1c5
Event: 4722.156 Thread 0x0000000064a48000 Implicit null exception at 0x000000000b76f23a to 0x000000000b76d1c5
Event: 4722.172 Thread 0x0000000064a48000 Exception <a 'java/lang/NoSuchMethodError': <clinit>> (0x00000000e657b238) thrown at [C:\src\AOSP-openjdk-git\hotspot\src\share\vm\prims\jni.cpp, line 1615]
Event: 4722.173 Thread 0x0000000064a48000 Exception <a 'java/lang/NoSuchMethodError': <clinit>> (0x00000000e658b658) thrown at [C:\src\AOSP-openjdk-git\hotspot\src\share\vm\prims\jni.cpp, line 1615]
Event: 4722.174 Thread 0x0000000064a48000 Exception <a 'java/lang/NoSuchMethodError': <clinit>> (0x00000000e659ee78) thrown at [C:\src\AOSP-openjdk-git\hotspot\src\share\vm\prims\jni.cpp, line 1615]
Event: 4722.257 Thread 0x0000000062d34000 Exception <a 'java/io/IOException'> (0x00000000e7376218) thrown at [C:\src\AOSP-openjdk-git\hotspot\src\share\vm\prims\jni.cpp, line 710]
Event: 4722.269 Thread 0x000000005fa8a000 Exception <a 'java/io/IOException'> (0x00000000e6ef9c38) thrown at [C:\src\AOSP-openjdk-git\hotspot\src\share\vm\prims\jni.cpp, line 710]

Events (10 events):
Event: 4722.313 Thread 0x0000000005d6c000 flushing nmethod 0x00000000086f1590
Event: 4722.313 Thread 0x0000000005d6c000 flushing nmethod 0x00000000086fc950
Event: 4722.313 Thread 0x0000000005d6c000 flushing nmethod 0x000000000871a3d0
Event: 4722.313 Thread 0x0000000005d6c000 flushing nmethod 0x000000000872df90
Event: 4722.313 Thread 0x0000000005d6c000 flushing nmethod 0x000000000876bcd0
Event: 4722.313 Thread 0x0000000005d6c000 flushing nmethod 0x00000000087ad250
Event: 4722.313 Thread 0x0000000005d6c000 flushing nmethod 0x00000000087f1b10
Event: 4722.314 Thread 0x0000000005d6c000 flushing nmethod 0x00000000087fea10
Event: 4722.314 Thread 0x0000000005d6c000 flushing nmethod 0x0000000008824d90
Event: 4722.314 Thread 0x0000000005d6c000 flushing nmethod 0x000000000882b610


Dynamic libraries:
0x000000013fc50000 - 0x000000013fc81000 	F:\TOOL\Android Studio\jre\bin\java.exe
0x0000000077620000 - 0x00000000777c9000 	C:\Windows\SYSTEM32\ntdll.dll
0x0000000077400000 - 0x000000007751f000 	C:\Windows\system32\kernel32.dll
0x000007fefd620000 - 0x000007fefd68b000 	C:\Windows\system32\KERNELBASE.dll
0x000007fefee60000 - 0x000007fefef3b000 	C:\Windows\system32\ADVAPI32.dll
0x000007fefd940000 - 0x000007fefd9df000 	C:\Windows\system32\msvcrt.dll
0x000007fefee40000 - 0x000007fefee5f000 	C:\Windows\SYSTEM32\sechost.dll
0x000007fefeb00000 - 0x000007fefec2d000 	C:\Windows\system32\RPCRT4.dll
0x0000000077520000 - 0x000000007761a000 	C:\Windows\system32\USER32.dll
0x000007feff8c0000 - 0x000007feff927000 	C:\Windows\system32\GDI32.dll
0x000007feff8b0000 - 0x000007feff8be000 	C:\Windows\system32\LPK.dll
0x000007feff5d0000 - 0x000007feff699000 	C:\Windows\system32\USP10.dll
0x000007fefc010000 - 0x000007fefc204000 	C:\Windows\WinSxS\amd64_microsoft.windows.common-controls_6595b64144ccf1df_6.0.7601.17514_none_fa396087175ac9ac\COMCTL32.dll
0x000007feff250000 - 0x000007feff2c1000 	C:\Windows\system32\SHLWAPI.dll
0x000007feff2d0000 - 0x000007feff2fe000 	C:\Windows\system32\IMM32.DLL
0x000007fefdb60000 - 0x000007fefdc69000 	C:\Windows\system32\MSCTF.dll
0x0000000078b00000 - 0x0000000078bd2000 	F:\TOOL\Android Studio\jre\jre\bin\msvcr100.dll
0x0000000007d30000 - 0x000000000857b000 	F:\TOOL\Android Studio\jre\jre\bin\server\jvm.dll
0x000007fef9120000 - 0x000007fef9129000 	C:\Windows\system32\WSOCK32.dll
0x000007feff560000 - 0x000007feff5ad000 	C:\Windows\system32\WS2_32.dll
0x000007feff8a0000 - 0x000007feff8a8000 	C:\Windows\system32\NSI.dll
0x000007fefb530000 - 0x000007fefb56b000 	C:\Windows\system32\WINMM.dll
0x000007fefc6d0000 - 0x000007fefc6dc000 	C:\Windows\system32\VERSION.dll
0x00000000777e0000 - 0x00000000777e7000 	C:\Windows\system32\PSAPI.DLL
0x000007fefb040000 - 0x000007fefb04f000 	F:\TOOL\Android Studio\jre\jre\bin\verify.dll
0x000007fefb010000 - 0x000007fefb039000 	F:\TOOL\Android Studio\jre\jre\bin\java.dll
0x000007fefaff0000 - 0x000007fefb006000 	F:\TOOL\Android Studio\jre\jre\bin\zip.dll
0x000007fefdd70000 - 0x000007fefeaf8000 	C:\Windows\system32\SHELL32.dll
0x000007fefec30000 - 0x000007fefee33000 	C:\Windows\system32\ole32.dll
0x000007fefd570000 - 0x000007fefd57f000 	C:\Windows\system32\profapi.dll
0x000007fef4e90000 - 0x000007fef4eaa000 	F:\TOOL\Android Studio\jre\jre\bin\net.dll
0x000007fefcde0000 - 0x000007fefce35000 	C:\Windows\system32\mswsock.dll
0x000007fefcdd0000 - 0x000007fefcdd7000 	C:\Windows\System32\wship6.dll
0x000007fef4e70000 - 0x000007fef4e83000 	F:\TOOL\Android Studio\jre\jre\bin\nio.dll
0x000007fed92b0000 - 0x000007fed92d6000 	C:\Users\techp\.gradle\native\31\windows-amd64\native-platform.dll
0x000007fef74b0000 - 0x000007fef74b3000 	C:\Windows\system32\api-ms-win-core-synch-l1-2-0.DLL
0x000007fefb050000 - 0x000007fefb05d000 	F:\TOOL\Android Studio\jre\jre\bin\management.dll
0x000007fefce40000 - 0x000007fefce58000 	C:\Windows\system32\CRYPTSP.dll
0x000007fefcb40000 - 0x000007fefcb87000 	C:\Windows\system32\rsaenh.dll
0x000007fefc8b0000 - 0x000007fefc8ce000 	C:\Windows\system32\USERENV.dll
0x000007fefd4a0000 - 0x000007fefd4af000 	C:\Windows\system32\CRYPTBASE.dll
0x000007fefaeb0000 - 0x000007fefaed7000 	C:\Windows\system32\IPHLPAPI.DLL
0x000007fefaea0000 - 0x000007fefaeab000 	C:\Windows\system32\WINNSI.DLL
0x000007fefa960000 - 0x000007fefa971000 	C:\Windows\system32\dhcpcsvc6.DLL
0x000007fefa940000 - 0x000007fefa958000 	C:\Windows\system32\dhcpcsvc.DLL
0x000007fee8e90000 - 0x000007fee8eb4000 	F:\TOOL\Android Studio\jre\jre\bin\sunec.dll
0x000007fefc7a0000 - 0x000007fefc7a7000 	C:\Windows\System32\wshtcpip.dll
0x000007fefcc60000 - 0x000007fefccbb000 	C:\Windows\system32\DNSAPI.dll
0x000000006f260000 - 0x000000006f286000 	C:\Program Files\Bonjour\mdnsNSP.dll
0x000007fef7c80000 - 0x000007fef7c88000 	C:\Windows\system32\rasadhlp.dll
0x000007fefaa80000 - 0x000007fefaad3000 	C:\Windows\System32\fwpuclnt.dll
0x000007fee8e80000 - 0x000007fee8e8b000 	F:\TOOL\Android Studio\jre\jre\bin\sunmscapi.dll
0x000007fefd6d0000 - 0x000007fefd83d000 	C:\Windows\system32\CRYPT32.dll
0x000007fefd610000 - 0x000007fefd61f000 	C:\Windows\system32\MSASN1.dll
0x000007fefd440000 - 0x000007fefd497000 	C:\Windows\system32\apphelp.dll
0x000007fee9120000 - 0x000007fee92bc000 	F:\TOOL\Android Studio\jre\jre\bin\awt.dll
0x000007fefbc70000 - 0x000007fefbc88000 	C:\Windows\system32\dwmapi.dll
0x000007fefda80000 - 0x000007fefdb57000 	C:\Windows\system32\OLEAUT32.dll
0x000007fee9030000 - 0x000007fee9112000 	C:\Windows\system32\d2d1.dll

VM Arguments:
jvm_args: -Xmx2048m -Dfile.encoding=windows-1252 -Duser.country=US -Duser.language=en -Duser.variant 
java_command: org.gradle.launcher.daemon.bootstrap.GradleDaemon 6.1.1
java_class_path (initial): C:\Users\techp\.gradle\wrapper\dists\gradle-6.1.1-all\cfmwm155h49vnt3hynmlrsdst\gradle-6.1.1\lib\gradle-launcher-6.1.1.jar
Launcher Type: SUN_STANDARD

Environment Variables:
PATH=F:\TOOL\cygwin64\bin;C:\ProgramData\Oracle\Java\javapath;C:\Windows\system32;C:\Windows;C:\Windows\System32\Wbem;C:\Windows\System32\WindowsPowerShell\v1.0\;C:\Program Files (x86)\NVIDIA Corporation\PhysX\Common;D:\tool\MATLAB\R2017a\runtime\win64;D:\tool\MATLAB\R2017a\bin;C:\Program Files\Intel\WiFi\bin\;C:\Program Files\Common Files\Intel\WirelessCommon\;D:\tool\PuTTY\;D:\tool\Git\cmd;C:\Program Files\Microsoft SQL Server\130\Tools\Binn\;F:\TOOL\MikTex\miktex\bin\x64\;F:\TOOL\KlatexFormula\KLatexFormula-4.1.0\bin;C:\Users\techp\AppData\Local\Programs\Python\Python38\Scripts\;C:\Users\techp\AppData\Local\Programs\Python\Python38\;C:\Users\techp\AppData\Local\Programs\Python\Python37\Scripts\;C:\Users\techp\AppData\Local\Programs\Python\Python37\;C:\Program Files\Intel\WiFi\bin\;C:\Program Files\Common Files\Intel\WirelessCommon\
USERNAME=techp
OS=Windows_NT
PROCESSOR_IDENTIFIER=Intel64 Family 6 Model 158 Stepping 9, GenuineIntel



---------------  S Y S T E M  ---------------

OS: Windows 7 , 64 bit Build 7601 (6.1.7601.18015)

CPU:total 8 (initial active 8) (4 cores per cpu, 2 threads per core) family 6 model 158 stepping 9, cmov, cx8, fxsr, mmx, sse, sse2, sse3, ssse3, sse4.1, sse4.2, popcnt, avx, avx2, aes, clmul, erms, 3dnowpref, lzcnt, ht, tsc, tscinvbit, bmi1, bmi2, adx

Memory: 4k page, physical 12335340k(1172356k free), swap 14237872k(2092k free)

vm_info: OpenJDK 64-Bit Server VM (25.242-b01) for windows-amd64 JRE (1.8.0_242-release-1644-b01), built by "builder" with MS VC++ 10.0 (VS2010)

time: Sat Jul 04 21:10:08 2020
timezone: Pacific Daylight Time
elapsed time: 4722 seconds (0d 1h 18m 42s)

