#
# There is insufficient memory for the Java Runtime Environment to continue.
# Native memory allocation (malloc) failed to allocate 32744 bytes for ChunkPool::allocate
# Possible reasons:
#   The system is out of physical RAM or swap space
#   The process is running with CompressedOops enabled, and the Java Heap may be blocking the growth of the native heap
# Possible solutions:
#   Reduce memory load on the system
#   Increase physical memory or swap space
#   Check if swap backing store is full
#   Decrease Java heap size (-Xmx/-Xms)
#   Decrease number of Java threads
#   Decrease Java thread stack sizes (-Xss)
#   Set larger code cache with -XX:ReservedCodeCacheSize=
#   JVM is running with Unscaled Compressed Oops mode in which the Java heap is
#     placed in the first 4GB address space. The Java Heap base address is the
#     maximum limit for the native heap growth. Please use -XX:HeapBaseMinAddress
#     to set the Java Heap base and to place the Java Heap above 4GB virtual address.
# This output file may be truncated or incomplete.
#
#  Out of Memory Error (allocation.cpp:272), pid=7596, tid=0x0000000000001d50
#
# JRE version: OpenJDK Runtime Environment (8.0_242-b01) (build 1.8.0_242-release-1644-b01)
# Java VM: OpenJDK 64-Bit Server VM (25.242-b01 mixed mode windows-amd64 compressed oops)
# Failed to write core dump. Minidumps are not enabled by default on client versions of Windows
#

---------------  T H R E A D  ---------------

Current thread (0x0000000018d52000):  JavaThread "C2 CompilerThread2" daemon [_thread_in_native, id=7504, stack(0x000000001a730000,0x000000001a830000)]

Stack: [0x000000001a730000,0x000000001a830000]
[error occurred during error reporting (printing stack bounds), id 0xc0000005]

Native frames: (J=compiled Java code, j=interpreted, Vv=VM code, C=native code)


Current CompileTask:
C2:5642835 28301 %     4       org.jetbrains.kotlin.gradle.internal.kapt.incremental.ClasspathEntryData::writeObject @ 970 (1155 bytes)


---------------  P R O C E S S  ---------------

Java Threads: ( => current thread )
  0x000000001f41a000 JavaThread "WorkerExecutor Queue" [_thread_in_native, id=4176, stack(0x000000002ee80000,0x000000002ef80000)]
  0x000000001f414000 JavaThread "RMI TCP Connection(112)-127.0.0.1" daemon [_thread_in_native, id=3364, stack(0x000000002cf30000,0x000000002d030000)]
  0x000000001f417000 JavaThread "RMI RenewClean-[127.0.0.1:17422,org.jetbrains.kotlin.daemon.common.LoopbackNetworkInterface$ClientLoopbackSocketFactory@51a67031]" daemon [_thread_blocked, id=5132, stack(0x000000002e330000,0x000000002e430000)]
  0x000000001f419800 JavaThread "Cache worker for execution history cache (D:\ArrianSchoo\Summer2020\FlashCardProject\.gradle\6.1.1\executionHistory)" [_thread_blocked, id=6368, stack(0x000000002e1c0000,0x000000002e2c0000)]
  0x000000001f41b000 JavaThread "Execution worker for ':' Thread 7" [_thread_blocked, id=8096, stack(0x000000002e090000,0x000000002e190000)]
  0x000000001f415800 JavaThread "Execution worker for ':' Thread 6" [_thread_blocked, id=7512, stack(0x0000000029730000,0x0000000029830000)]
  0x000000001f418800 JavaThread "Execution worker for ':' Thread 5" [_thread_blocked, id=6396, stack(0x000000002d6b0000,0x000000002d7b0000)]
  0x000000001d3a8000 JavaThread "Execution worker for ':' Thread 4" [_thread_blocked, id=5496, stack(0x0000000024610000,0x0000000024710000)]
  0x000000001d3a7800 JavaThread "Execution worker for ':' Thread 3" [_thread_blocked, id=6160, stack(0x000000002b000000,0x000000002b100000)]
  0x000000001d3aa800 JavaThread "Execution worker for ':' Thread 2" [_thread_blocked, id=936, stack(0x0000000029ff0000,0x000000002a0f0000)]
  0x000000001d3a6000 JavaThread "Execution worker for ':'" [_thread_blocked, id=5624, stack(0x0000000021450000,0x0000000021550000)]
  0x000000001d3a9800 JavaThread "Cache worker for file content cache (D:\ArrianSchoo\Summer2020\FlashCardProject\.gradle\6.1.1\fileContent)" [_thread_blocked, id=6132, stack(0x0000000029e40000,0x0000000029f40000)]
  0x000000001d3ac000 JavaThread "Cache worker for Build Output Cleanup Cache (D:\ArrianSchoo\Summer2020\FlashCardProject\.gradle\buildOutputCleanup)" [_thread_blocked, id=7888, stack(0x0000000025290000,0x0000000025390000)]
  0x000000001d3a9000 JavaThread "Build operations Thread 8" [_thread_blocked, id=5500, stack(0x0000000028a10000,0x0000000028b10000)]
  0x000000001d3ab000 JavaThread "Build operations Thread 7" [_thread_blocked, id=1288, stack(0x0000000026b30000,0x0000000026c30000)]
  0x000000001ccc3000 JavaThread "Build operations Thread 6" [_thread_blocked, id=860, stack(0x0000000012a30000,0x0000000012b30000)]
  0x000000001ccb6000 JavaThread "Build operations Thread 5" [_thread_blocked, id=7528, stack(0x0000000028690000,0x0000000028790000)]
  0x000000001ccc0800 JavaThread "Build operations Thread 4" [_thread_blocked, id=8024, stack(0x0000000026830000,0x0000000026930000)]
  0x000000001ccbe800 JavaThread "Build operations Thread 3" [_thread_blocked, id=6980, stack(0x0000000024b20000,0x0000000024c20000)]
  0x000000001ccbf000 JavaThread "Build operations Thread 2" [_thread_blocked, id=7264, stack(0x0000000025190000,0x0000000025290000)]
  0x000000001ccc0000 JavaThread "Build operations" [_thread_blocked, id=6860, stack(0x0000000025070000,0x0000000025170000)]
  0x000000001ccb7000 JavaThread "Cache worker for cache directory md-rule (C:\Users\techp\.gradle\caches\6.1.1\md-rule)" [_thread_blocked, id=6044, stack(0x0000000024f20000,0x0000000025020000)]
  0x000000001ccb7800 JavaThread "Cache worker for cache directory md-supplier (C:\Users\techp\.gradle\caches\6.1.1\md-supplier)" [_thread_blocked, id=4524, stack(0x0000000024e00000,0x0000000024f00000)]
  0x000000001ccc3800 JavaThread "Cache worker for file hash cache (D:\ArrianSchoo\Summer2020\FlashCardProject\.gradle\6.1.1\fileHashes)" [_thread_blocked, id=7180, stack(0x0000000024c40000,0x0000000024d40000)]
  0x000000001ccb8800 JavaThread "Cache worker for checksums cache (D:\ArrianSchoo\Summer2020\FlashCardProject\.gradle\checksums)" [_thread_blocked, id=5504, stack(0x00000000228d0000,0x00000000229d0000)]
  0x000000001ccc2000 JavaThread "Thread-520" [_thread_blocked, id=7704, stack(0x00000000244e0000,0x00000000245e0000)]
  0x000000001b729000 JavaThread "Stdin handler" [_thread_blocked, id=4904, stack(0x0000000021350000,0x0000000021450000)]
  0x000000001b725000 JavaThread "Asynchronous log dispatcher for DefaultDaemonConnection: socket connection from /127.0.0.1:50083 to /127.0.0.1:51849" [_thread_blocked, id=7756, stack(0x0000000021140000,0x0000000021240000)]
  0x000000001b726800 JavaThread "Daemon worker Thread 12" [_thread_blocked, id=784, stack(0x000000001deb0000,0x000000001dfb0000)]
  0x000000001b723000 JavaThread "Cancel handler" [_thread_blocked, id=5400, stack(0x000000001e230000,0x000000001e330000)]
  0x000000001b726000 JavaThread "Handler for socket connection from /127.0.0.1:50083 to /127.0.0.1:51849" [_thread_in_native, id=4156, stack(0x000000001da30000,0x000000001db30000)]
  0x000000001b724800 JavaThread "Daemon Thread 12" [_thread_blocked, id=4812, stack(0x000000001dc90000,0x000000001dd90000)]
  0x000000001b723800 JavaThread "Cache worker for Java compile cache (C:\Users\techp\.gradle\caches\6.1.1\javaCompile)" [_thread_blocked, id=1952, stack(0x000000002aec0000,0x000000002afc0000)]
  0x0000000023555000 JavaThread "RMI Reaper" [_thread_blocked, id=6684, stack(0x0000000029d10000,0x0000000029e10000)]
  0x0000000023554000 JavaThread "RMI TCP Accept-0" daemon [_thread_in_native, id=6168, stack(0x0000000029bb0000,0x0000000029cb0000)]
  0x0000000023553800 JavaThread "GC Daemon" daemon [_thread_blocked, id=6628, stack(0x0000000029850000,0x0000000029950000)]
  0x0000000023552000 JavaThread "RMI Scheduler(0)" daemon [_thread_blocked, id=8176, stack(0x00000000293e0000,0x00000000294e0000)]
  0x00000000202fc800 JavaThread "Cache worker for file content cache (C:\Users\techp\.gradle\caches\6.1.1\fileContent)" [_thread_blocked, id=5632, stack(0x00000000269e0000,0x0000000026ae0000)]
  0x00000000202fb800 JavaThread "Memory manager" [_thread_blocked, id=7520, stack(0x0000000026530000,0x0000000026630000)]
  0x000000001ccb9000 JavaThread "Cache worker for execution history cache (C:\Users\techp\.gradle\caches\6.1.1\executionHistory)" [_thread_blocked, id=7556, stack(0x0000000021550000,0x0000000021650000)]
  0x000000001ccb5800 JavaThread "Cache worker for file hash cache (C:\Users\techp\.gradle\caches\6.1.1\fileHashes)" [_thread_blocked, id=2108, stack(0x000000001ec10000,0x000000001ed10000)]
  0x000000001ccb4800 JavaThread "File lock request listener" [_thread_in_native, id=7328, stack(0x000000001e3e0000,0x000000001e4e0000)]
  0x000000001ccea000 JavaThread "Cache worker for journal cache (C:\Users\techp\.gradle\caches\journal-1)" [_thread_blocked, id=4340, stack(0x000000001ea60000,0x000000001eb60000)]
  0x000000001cafe800 JavaThread "Daemon periodic checks" [_thread_blocked, id=4228, stack(0x000000001dd90000,0x000000001de90000)]
  0x000000001cb00800 JavaThread "Incoming local TCP Connector on port 50083" [_thread_in_native, id=3112, stack(0x000000001db30000,0x000000001dc30000)]
  0x000000001cb0e800 JavaThread "Daemon health stats" [_thread_blocked, id=7432, stack(0x000000001d550000,0x000000001d650000)]
  0x0000000018dd3000 JavaThread "Service Thread" daemon [_thread_blocked, id=7604, stack(0x000000001a630000,0x000000001a730000)]
  0x0000000018d53000 JavaThread "C1 CompilerThread3" daemon [_thread_in_native, id=6356, stack(0x000000001a950000,0x000000001aa50000)]
=>0x0000000018d52000 JavaThread "C2 CompilerThread2" daemon [_thread_in_native, id=7504, stack(0x000000001a730000,0x000000001a830000)]
  0x0000000018d44000 JavaThread "C2 CompilerThread1" daemon [_thread_in_native, id=7676, stack(0x000000001a4b0000,0x000000001a5b0000)]
  0x0000000017c89800 JavaThread "C2 CompilerThread0" daemon [_thread_in_native, id=7968, stack(0x000000001a3b0000,0x000000001a4b0000)]
  0x0000000018d3f800 JavaThread "Attach Listener" daemon [_thread_blocked, id=7012, stack(0x000000001a1d0000,0x000000001a2d0000)]
  0x0000000018d3e800 JavaThread "Signal Dispatcher" daemon [_thread_blocked, id=4160, stack(0x0000000019cd0000,0x0000000019dd0000)]
  0x0000000017c7e800 JavaThread "Finalizer" daemon [_thread_blocked, id=5424, stack(0x000000001a070000,0x000000001a170000)]
  0x0000000017c77800 JavaThread "Reference Handler" daemon [_thread_blocked, id=7228, stack(0x0000000019f00000,0x000000001a000000)]
  0x00000000001bf000 JavaThread "main" [_thread_blocked, id=7860, stack(0x00000000025b0000,0x00000000026b0000)]

Other Threads:
  0x00000000022ff800 VMThread [stack: 0x0000000019de0000,0x0000000019ee0000] [id=4528]
  0x0000000018d91000 WatcherThread [stack: 0x000000001abc0000,0x000000001acc0000] [id=6372]

VM state:not at safepoint (normal execution)

VM Mutex/Monitor currently owned by a thread: None

heap address: 0x0000000080000000, size: 2048 MB, Compressed Oops mode: 32-bit
Narrow klass base: 0x0000000000000000, Narrow klass shift: 3
Compressed class space size: 1073741824 Address: 0x000000013fb90000

Heap:
 PSYoungGen      total 435200K, used 320438K [0x00000000d5580000, 0x00000000f5b00000, 0x0000000100000000)
  eden space 361984K, 73% used [0x00000000d5580000,0x00000000e5a3ce08,0x00000000eb700000)
  from space 73216K, 72% used [0x00000000f1380000,0x00000000f47b0d20,0x00000000f5b00000)
  to   space 83968K, 0% used [0x00000000eb700000,0x00000000eb700000,0x00000000f0900000)
 ParOldGen       total 243200K, used 54054K [0x0000000080000000, 0x000000008ed80000, 0x00000000d5580000)
  object space 243200K, 22% used [0x0000000080000000,0x00000000834c99e0,0x000000008ed80000)
 Metaspace       used 145816K, capacity 154300K, committed 154392K, reserved 1183744K
  class space    used 18034K, capacity 19453K, committed 19504K, reserved 1048576K

Card table byte_map: [0x0000000011d40000,0x0000000012150000] byte_map_base: 0x0000000011940000

Marking Bits: (ParMarkBitMap*) 0x000000005330f030
 Begin Bits: [0x0000000012e90000, 0x0000000014e90000)
 End Bits:   [0x0000000014e90000, 0x0000000016e90000)

Polling page: 0x0000000000130000

CodeCache: size=245760Kb used=76311Kb max_used=76311Kb free=169448Kb
 bounds [0x0000000002980000, 0x0000000007480000, 0x0000000011980000]
 total_blobs=22953 nmethods=22003 adapters=858
 compilation: enabled

Compilation events (10 events):
Event: 5642.267 Thread 0x0000000018d53000 nmethod 28303 0x000000000746ec50 code [0x000000000746edc0, 0x000000000746f128]
Event: 5642.279 Thread 0x0000000018d53000 28304   !   3       sun.reflect.GeneratedMethodAccessor57::invoke (61 bytes)
Event: 5642.280 Thread 0x0000000018d53000 nmethod 28304 0x000000000746e010 code [0x000000000746e200, 0x000000000746e8f8]
Event: 5642.299 Thread 0x0000000018d53000 28305       3       com.sun.tools.javac.tree.TreeMaker::instance (26 bytes)
Event: 5642.299 Thread 0x0000000018d53000 nmethod 28305 0x000000000746da10 code [0x000000000746dba0, 0x000000000746def8]
Event: 5642.304 Thread 0x0000000017c89800 28306   !   4       com.google.common.cache.LocalCache$Segment::lockedGetOrLoad (447 bytes)
Event: 5642.307 Thread 0x0000000018d53000 28307       1       java.nio.channels.spi.AbstractSelectionKey::isValid (5 bytes)
Event: 5642.307 Thread 0x0000000018d53000 nmethod 28307 0x000000000418b810 code [0x000000000418b960, 0x000000000418ba70]
Event: 5642.325 Thread 0x0000000018d53000 28309       3       kotlin.sequences.FilteringSequence$iterator$1::next (47 bytes)
Event: 5642.326 Thread 0x0000000018d53000 nmethod 28309 0x000000000746d390 code [0x000000000746d520, 0x000000000746d8b8]

GC Heap History (10 events):
Event: 3618.320 GC heap before
{Heap before GC invocations=25 (full 5):
 PSYoungGen      total 497664K, used 9385K [0x00000000d5580000, 0x00000000f9600000, 0x0000000100000000)
  eden space 417280K, 0% used [0x00000000d5580000,0x00000000d5580000,0x00000000eed00000)
  from space 80384K, 11% used [0x00000000f4780000,0x00000000f50aa7b8,0x00000000f9600000)
  to   space 86528K, 0% used [0x00000000eed00000,0x00000000eed00000,0x00000000f4180000)
 ParOldGen       total 243200K, used 200810K [0x0000000080000000, 0x000000008ed80000, 0x00000000d5580000)
  object space 243200K, 82% used [0x0000000080000000,0x000000008c41a8a0,0x000000008ed80000)
 Metaspace       used 133692K, capacity 140544K, committed 140568K, reserved 1171456K
  class space    used 16746K, capacity 17965K, committed 17968K, reserved 1048576K
Event: 3618.558 GC heap after
Heap after GC invocations=25 (full 5):
 PSYoungGen      total 497664K, used 0K [0x00000000d5580000, 0x00000000f9600000, 0x0000000100000000)
  eden space 417280K, 0% used [0x00000000d5580000,0x00000000d5580000,0x00000000eed00000)
  from space 80384K, 0% used [0x00000000f4780000,0x00000000f4780000,0x00000000f9600000)
  to   space 86528K, 0% used [0x00000000eed00000,0x00000000eed00000,0x00000000f4180000)
 ParOldGen       total 243200K, used 54022K [0x0000000080000000, 0x000000008ed80000, 0x00000000d5580000)
  object space 243200K, 22% used [0x0000000080000000,0x00000000834c19e0,0x000000008ed80000)
 Metaspace       used 132749K, capacity 139244K, committed 140568K, reserved 1171456K
  class space    used 16573K, capacity 17683K, committed 17968K, reserved 1048576K
}
Event: 4152.603 GC heap before
{Heap before GC invocations=26 (full 5):
 PSYoungGen      total 497664K, used 417280K [0x00000000d5580000, 0x00000000f9600000, 0x0000000100000000)
  eden space 417280K, 100% used [0x00000000d5580000,0x00000000eed00000,0x00000000eed00000)
  from space 80384K, 0% used [0x00000000f4780000,0x00000000f4780000,0x00000000f9600000)
  to   space 86528K, 0% used [0x00000000eed00000,0x00000000eed00000,0x00000000f4180000)
 ParOldGen       total 243200K, used 54022K [0x0000000080000000, 0x000000008ed80000, 0x00000000d5580000)
  object space 243200K, 22% used [0x0000000080000000,0x00000000834c19e0,0x000000008ed80000)
 Metaspace       used 143934K, capacity 150636K, committed 151192K, reserved 1181696K
  class space    used 17761K, capacity 18939K, committed 19120K, reserved 1048576K
Event: 4152.624 GC heap after
Heap after GC invocations=26 (full 5):
 PSYoungGen      total 428032K, used 25599K [0x00000000d5580000, 0x00000000f7f80000, 0x0000000100000000)
  eden space 402432K, 0% used [0x00000000d5580000,0x00000000d5580000,0x00000000ede80000)
  from space 25600K, 99% used [0x00000000eed00000,0x00000000f05ffe20,0x00000000f0600000)
  to   space 82432K, 0% used [0x00000000f2f00000,0x00000000f2f00000,0x00000000f7f80000)
 ParOldGen       total 243200K, used 54030K [0x0000000080000000, 0x000000008ed80000, 0x00000000d5580000)
  object space 243200K, 22% used [0x0000000080000000,0x00000000834c39e0,0x000000008ed80000)
 Metaspace       used 143934K, capacity 150636K, committed 151192K, reserved 1181696K
  class space    used 17761K, capacity 18939K, committed 19120K, reserved 1048576K
}
Event: 4239.466 GC heap before
{Heap before GC invocations=27 (full 5):
 PSYoungGen      total 428032K, used 427953K [0x00000000d5580000, 0x00000000f7f80000, 0x0000000100000000)
  eden space 402432K, 99% used [0x00000000d5580000,0x00000000ede6c740,0x00000000ede80000)
  from space 25600K, 99% used [0x00000000eed00000,0x00000000f05ffe20,0x00000000f0600000)
  to   space 82432K, 0% used [0x00000000f2f00000,0x00000000f2f00000,0x00000000f7f80000)
 ParOldGen       total 243200K, used 54030K [0x0000000080000000, 0x000000008ed80000, 0x00000000d5580000)
  object space 243200K, 22% used [0x0000000080000000,0x00000000834c39e0,0x000000008ed80000)
 Metaspace       used 144261K, capacity 151042K, committed 151448K, reserved 1181696K
  class space    used 17775K, capacity 18976K, committed 19120K, reserved 1048576K
Event: 4239.485 GC heap after
Heap after GC invocations=27 (full 5):
 PSYoungGen      total 446976K, used 32181K [0x00000000d5580000, 0x00000000f6880000, 0x0000000100000000)
  eden space 388096K, 0% used [0x00000000d5580000,0x00000000d5580000,0x00000000ed080000)
  from space 58880K, 54% used [0x00000000f2f00000,0x00000000f4e6d680,0x00000000f6880000)
  to   space 77824K, 0% used [0x00000000ed080000,0x00000000ed080000,0x00000000f1c80000)
 ParOldGen       total 243200K, used 54038K [0x0000000080000000, 0x000000008ed80000, 0x00000000d5580000)
  object space 243200K, 22% used [0x0000000080000000,0x00000000834c59e0,0x000000008ed80000)
 Metaspace       used 144261K, capacity 151042K, committed 151448K, reserved 1181696K
  class space    used 17775K, capacity 18976K, committed 19120K, reserved 1048576K
}
Event: 4324.731 GC heap before
{Heap before GC invocations=28 (full 5):
 PSYoungGen      total 446976K, used 420277K [0x00000000d5580000, 0x00000000f6880000, 0x0000000100000000)
  eden space 388096K, 100% used [0x00000000d5580000,0x00000000ed080000,0x00000000ed080000)
  from space 58880K, 54% used [0x00000000f2f00000,0x00000000f4e6d680,0x00000000f6880000)
  to   space 77824K, 0% used [0x00000000ed080000,0x00000000ed080000,0x00000000f1c80000)
 ParOldGen       total 243200K, used 54038K [0x0000000080000000, 0x000000008ed80000, 0x00000000d5580000)
  object space 243200K, 22% used [0x0000000080000000,0x00000000834c59e0,0x000000008ed80000)
 Metaspace       used 144362K, capacity 151174K, committed 151704K, reserved 1181696K
  class space    used 17775K, capacity 18976K, committed 19120K, reserved 1048576K
Event: 4324.772 GC heap after
Heap after GC invocations=28 (full 5):
 PSYoungGen      total 431616K, used 56411K [0x00000000d5580000, 0x00000000f6380000, 0x0000000100000000)
  eden space 374784K, 0% used [0x00000000d5580000,0x00000000d5580000,0x00000000ec380000)
  from space 56832K, 99% used [0x00000000ed080000,0x00000000f0796c48,0x00000000f0800000)
  to   space 81920K, 0% used [0x00000000f1380000,0x00000000f1380000,0x00000000f6380000)
 ParOldGen       total 243200K, used 54046K [0x0000000080000000, 0x000000008ed80000, 0x00000000d5580000)
  object space 243200K, 22% used [0x0000000080000000,0x00000000834c79e0,0x000000008ed80000)
 Metaspace       used 144362K, capacity 151174K, committed 151704K, reserved 1181696K
  class space    used 17775K, capacity 18976K, committed 19120K, reserved 1048576K
}
Event: 4361.738 GC heap before
{Heap before GC invocations=29 (full 5):
 PSYoungGen      total 431616K, used 431195K [0x00000000d5580000, 0x00000000f6380000, 0x0000000100000000)
  eden space 374784K, 100% used [0x00000000d5580000,0x00000000ec380000,0x00000000ec380000)
  from space 56832K, 99% used [0x00000000ed080000,0x00000000f0796c48,0x00000000f0800000)
  to   space 81920K, 0% used [0x00000000f1380000,0x00000000f1380000,0x00000000f6380000)
 ParOldGen       total 243200K, used 54046K [0x0000000080000000, 0x000000008ed80000, 0x00000000d5580000)
  object space 243200K, 22% used [0x0000000080000000,0x00000000834c79e0,0x000000008ed80000)
 Metaspace       used 144560K, capacity 151260K, committed 151704K, reserved 1181696K
  class space    used 17778K, capacity 18979K, committed 19120K, reserved 1048576K
Event: 4361.763 GC heap after
Heap after GC invocations=29 (full 5):
 PSYoungGen      total 435200K, used 53443K [0x00000000d5580000, 0x00000000f5b00000, 0x0000000100000000)
  eden space 361984K, 0% used [0x00000000d5580000,0x00000000d5580000,0x00000000eb700000)
  from space 73216K, 72% used [0x00000000f1380000,0x00000000f47b0d20,0x00000000f5b00000)
  to   space 83968K, 0% used [0x00000000eb700000,0x00000000eb700000,0x00000000f0900000)
 ParOldGen       total 243200K, used 54054K [0x0000000080000000, 0x000000008ed80000, 0x00000000d5580000)
  object space 243200K, 22% used [0x0000000080000000,0x00000000834c99e0,0x000000008ed80000)
 Metaspace       used 144560K, capacity 151260K, committed 151704K, reserved 1181696K
  class space    used 17778K, capacity 18979K, committed 19120K, reserved 1048576K
}

Deoptimization events (10 events):
Event: 4238.043 Thread 0x000000001d3a9000 Uncommon trap: reason=class_check action=maybe_recompile pc=0x000000000707f900 method=com.google.common.collect.TransformedIterator.<init>(Ljava/util/Iterator;)V @ 9
Event: 4238.043 Thread 0x000000001d3a7800 Uncommon trap: reason=class_check action=maybe_recompile pc=0x000000000707f900 method=com.google.common.collect.TransformedIterator.<init>(Ljava/util/Iterator;)V @ 9
Event: 4238.043 Thread 0x000000001ca01000 Uncommon trap: reason=class_check action=maybe_recompile pc=0x000000000707f900 method=com.google.common.collect.TransformedIterator.<init>(Ljava/util/Iterator;)V @ 9
Event: 4240.072 Thread 0x000000001b725000 Uncommon trap: reason=unstable_if action=reinterpret pc=0x0000000003764f74 method=java.util.concurrent.ForkJoinPool.externalPush(Ljava/util/concurrent/ForkJoinTask;)V @ 47
Event: 4323.961 Thread 0x000000001f417000 Uncommon trap: reason=null_check action=make_not_entrant pc=0x0000000005c8aa10 method=java.util.logging.Logger$LoggerBundle.isSystemBundle()Z @ 6
Event: 4324.581 Thread 0x000000001f418800 Uncommon trap: reason=unstable_if action=reinterpret pc=0x00000000065e5a34 method=org.gradle.internal.execution.history.changes.SummarizingChangeContainer.accept(Lorg/gradle/internal/execution/history/changes/ChangeVisitor;)Z @ 56
Event: 4360.148 Thread 0x000000001d3a9800 Uncommon trap: reason=null_check action=make_not_entrant pc=0x0000000004f0ede8 method=org.gradle.api.internal.tasks.properties.bean.AbstractNestedRuntimeBeanNode$BeanPropertyValue.isConfigurable()Z @ 9
Event: 4361.857 Thread 0x000000001f417000 Uncommon trap: reason=unstable_if action=reinterpret pc=0x0000000004c4295c method=java.util.TimSort.countRunAndMakeAscending([Ljava/lang/Object;IILjava/util/Comparator;)I @ 27
Event: 5641.346 Thread 0x000000001b726800 Uncommon trap: reason=null_check action=make_not_entrant pc=0x000000000461bb20 method=java.lang.Integer.equals(Ljava/lang/Object;)Z @ 1
Event: 5642.260 Thread 0x000000001d3a8000 Uncommon trap: reason=array_check action=maybe_recompile pc=0x0000000006e19ac8 method=java.util.ComparableTimSort.mergeLo(IIII)V @ 81

Classes redefined (0 events):
No events

Internal exceptions (10 events):
Event: 4361.478 Thread 0x000000001f41b000 Exception <a 'sun/nio/fs/WindowsException'> (0x00000000e68cb788) thrown at [C:\src\AOSP-openjdk-git\hotspot\src\share\vm\prims\jni.cpp, line 710]
Event: 4361.479 Thread 0x000000001f41b000 Exception <a 'sun/nio/fs/WindowsException'> (0x00000000e68d3148) thrown at [C:\src\AOSP-openjdk-git\hotspot\src\share\vm\prims\jni.cpp, line 710]
Event: 4361.480 Thread 0x000000001f41b000 Exception <a 'sun/nio/fs/WindowsException'> (0x00000000e695b200) thrown at [C:\src\AOSP-openjdk-git\hotspot\src\share\vm\prims\jni.cpp, line 710]
Event: 4361.481 Thread 0x000000001f41b000 Exception <a 'sun/nio/fs/WindowsException'> (0x00000000e6960bb8) thrown at [C:\src\AOSP-openjdk-git\hotspot\src\share\vm\prims\jni.cpp, line 710]
Event: 4361.482 Thread 0x000000001f41b000 Exception <a 'sun/nio/fs/WindowsException'> (0x00000000e696d250) thrown at [C:\src\AOSP-openjdk-git\hotspot\src\share\vm\prims\jni.cpp, line 710]
Event: 4361.612 Thread 0x000000001f417000 Exception <a 'sun/nio/fs/WindowsException'> (0x00000000e79c47f0) thrown at [C:\src\AOSP-openjdk-git\hotspot\src\share\vm\prims\jni.cpp, line 710]
Event: 4362.140 Thread 0x0000000020301000 Exception <a 'sun/nio/fs/WindowsException'> (0x00000000dbfd9af0) thrown at [C:\src\AOSP-openjdk-git\hotspot\src\share\vm\prims\jni.cpp, line 710]
Event: 4362.425 Thread 0x000000001ca00000 Exception <a 'sun/nio/fs/WindowsException'> (0x00000000dced6b18) thrown at [C:\src\AOSP-openjdk-git\hotspot\src\share\vm\prims\jni.cpp, line 710]
Event: 5641.346 Thread 0x000000001b726800 Implicit null exception at 0x000000000461bacc to 0x000000000461bb11
Event: 5641.791 Thread 0x000000001f417000 Exception <a 'java/lang/InterruptedException'> (0x00000000e3858760) thrown at [C:\src\AOSP-openjdk-git\hotspot\src\share\vm\runtime\objectMonitor.cpp, line 1680]

Events (10 events):
Event: 5642.226 Executing VM operation: RevokeBias
Event: 5642.227 Executing VM operation: RevokeBias done
Event: 5642.251 Thread 0x000000001d3a8000 DEOPT PACKING pc=0x0000000006f2d4d7 sp=0x000000002470bbe0
Event: 5642.251 Thread 0x000000001d3a8000 DEOPT UNPACKING pc=0x00000000029c75d0 sp=0x000000002470ba48 mode 0
Event: 5642.252 Thread 0x000000001d3a8000 DEOPT PACKING pc=0x0000000006f2d4d7 sp=0x000000002470bbe0
Event: 5642.252 Thread 0x000000001d3a8000 DEOPT UNPACKING pc=0x00000000029c75d0 sp=0x000000002470ba48 mode 0
Event: 5642.260 Thread 0x000000001d3a8000 Uncommon trap: trap_request=0xffffffd6 fr.pc=0x0000000006e19ac8
Event: 5642.260 Thread 0x000000001d3a8000 DEOPT PACKING pc=0x0000000006e19ac8 sp=0x000000002470bac0
Event: 5642.260 Thread 0x000000001d3a8000 DEOPT UNPACKING pc=0x00000000029c557b sp=0x000000002470baa0 mode 2
Event: 5642.264 Thread 0x000000001f41a000 Thread added: 0x000000001f41a000


Dynamic libraries:
0x000000013fb50000 - 0x000000013fb81000 	F:\TOOL\Android Studio\jre\bin\java.exe
0x0000000077000000 - 0x00000000771a9000 	C:\Windows\SYSTEM32\ntdll.dll
0x0000000076de0000 - 0x0000000076eff000 	C:\Windows\system32\kernel32.dll
0x000007fefd000000 - 0x000007fefd06b000 	C:\Windows\system32\KERNELBASE.dll
0x000007fefd6a0000 - 0x000007fefd77b000 	C:\Windows\system32\ADVAPI32.dll
0x000007fefea10000 - 0x000007fefeaaf000 	C:\Windows\system32\msvcrt.dll
0x000007fefd7f0000 - 0x000007fefd80f000 	C:\Windows\SYSTEM32\sechost.dll
0x000007fefef20000 - 0x000007feff04d000 	C:\Windows\system32\RPCRT4.dll
0x0000000076f00000 - 0x0000000076ffa000 	C:\Windows\system32\USER32.dll
0x000007fefd780000 - 0x000007fefd7e7000 	C:\Windows\system32\GDI32.dll
0x000007fefef10000 - 0x000007fefef1e000 	C:\Windows\system32\LPK.dll
0x000007fefee40000 - 0x000007fefef09000 	C:\Windows\system32\USP10.dll
0x000007fefb6b0000 - 0x000007fefb8a4000 	C:\Windows\WinSxS\amd64_microsoft.windows.common-controls_6595b64144ccf1df_6.0.7601.17514_none_fa396087175ac9ac\COMCTL32.dll
0x000007fefedc0000 - 0x000007fefee31000 	C:\Windows\system32\SHLWAPI.dll
0x000007fefd450000 - 0x000007fefd47e000 	C:\Windows\system32\IMM32.DLL
0x000007fefead0000 - 0x000007fefebd9000 	C:\Windows\system32\MSCTF.dll
0x000000006aa80000 - 0x000000006ab52000 	F:\TOOL\Android Studio\jre\jre\bin\msvcr100.dll
0x0000000052b40000 - 0x000000005338b000 	F:\TOOL\Android Studio\jre\jre\bin\server\jvm.dll
0x000007fef8860000 - 0x000007fef8869000 	C:\Windows\system32\WSOCK32.dll
0x000007fefed70000 - 0x000007fefedbd000 	C:\Windows\system32\WS2_32.dll
0x000007fefed60000 - 0x000007fefed68000 	C:\Windows\system32\NSI.dll
0x000007fefaf80000 - 0x000007fefafbb000 	C:\Windows\system32\WINMM.dll
0x000007fefc0b0000 - 0x000007fefc0bc000 	C:\Windows\system32\VERSION.dll
0x00000000771d0000 - 0x00000000771d7000 	C:\Windows\system32\PSAPI.DLL
0x000007fef73e0000 - 0x000007fef73ef000 	F:\TOOL\Android Studio\jre\jre\bin\verify.dll
0x000007fef73b0000 - 0x000007fef73d9000 	F:\TOOL\Android Studio\jre\jre\bin\java.dll
0x000007fef7390000 - 0x000007fef73a6000 	F:\TOOL\Android Studio\jre\jre\bin\zip.dll
0x000007fefda20000 - 0x000007fefe7a8000 	C:\Windows\system32\SHELL32.dll
0x000007fefd810000 - 0x000007fefda13000 	C:\Windows\system32\ole32.dll
0x000007fefcf50000 - 0x000007fefcf5f000 	C:\Windows\system32\profapi.dll
0x000007fef7370000 - 0x000007fef738a000 	F:\TOOL\Android Studio\jre\jre\bin\net.dll
0x000007fefc7c0000 - 0x000007fefc815000 	C:\Windows\system32\mswsock.dll
0x000007fefc7b0000 - 0x000007fefc7b7000 	C:\Windows\System32\wship6.dll
0x000007fef7350000 - 0x000007fef7363000 	F:\TOOL\Android Studio\jre\jre\bin\nio.dll
0x000007fedecd0000 - 0x000007fedecf6000 	C:\Users\techp\.gradle\native\31\windows-amd64\native-platform.dll
0x000007fef7520000 - 0x000007fef7523000 	C:\Windows\system32\api-ms-win-core-synch-l1-2-0.DLL
0x000007fef73f0000 - 0x000007fef73fd000 	F:\TOOL\Android Studio\jre\jre\bin\management.dll
0x000007fefc820000 - 0x000007fefc838000 	C:\Windows\system32\CRYPTSP.dll
0x000007fefc520000 - 0x000007fefc567000 	C:\Windows\system32\rsaenh.dll
0x000007fefc2a0000 - 0x000007fefc2be000 	C:\Windows\system32\USERENV.dll
0x000007fefce80000 - 0x000007fefce8f000 	C:\Windows\system32\CRYPTBASE.dll
0x000007fefa530000 - 0x000007fefa557000 	C:\Windows\system32\IPHLPAPI.DLL
0x000007fefa520000 - 0x000007fefa52b000 	C:\Windows\system32\WINNSI.DLL
0x000007fefa270000 - 0x000007fefa281000 	C:\Windows\system32\dhcpcsvc6.DLL
0x000007fefa290000 - 0x000007fefa2a8000 	C:\Windows\system32\dhcpcsvc.DLL
0x000007fede870000 - 0x000007fede88e000 	C:\Users\techp\AppData\Local\Temp\native-platform1226679192913663102dir\native-platform.dll
0x000007fefce20000 - 0x000007fefce77000 	C:\Windows\system32\apphelp.dll
0x0000000066e00000 - 0x0000000066f03000 	C:\Users\techp\AppData\Local\Temp\sqlite-3.25.2-fcacae8d-cd61-4e23-ba09-8cef67257487-sqlitejdbc.dll
0x00000000253a0000 - 0x00000000254a3000 	C:\Users\techp\AppData\Local\Temp\sqlite-3.25.2-acea0b3f-48d4-419c-a208-9b179ea7402c-sqlitejdbc.dll
0x000000002b160000 - 0x000000002b263000 	C:\Users\techp\AppData\Local\Temp\sqlite-3.25.2-98a7b45f-1bea-4d27-9dfe-3862469c89a9-sqlitejdbc.dll
0x000000002efa0000 - 0x000000002f0a3000 	C:\Users\techp\AppData\Local\Temp\sqlite-3.25.2-0913dd8e-a29d-44c7-abd1-b57637225119-sqlitejdbc.dll
0x000000002dd20000 - 0x000000002de23000 	C:\Users\techp\AppData\Local\Temp\sqlite-3.25.2-0f433a1f-9eef-4847-a642-45bf888b8195-sqlitejdbc.dll

VM Arguments:
jvm_args: -Xmx2048m -Dfile.encoding=windows-1252 -Duser.country=US -Duser.language=en -Duser.variant 
java_command: org.gradle.launcher.daemon.bootstrap.GradleDaemon 6.1.1
java_class_path (initial): C:\Users\techp\.gradle\wrapper\dists\gradle-6.1.1-all\cfmwm155h49vnt3hynmlrsdst\gradle-6.1.1\lib\gradle-launcher-6.1.1.jar
Launcher Type: SUN_STANDARD

Environment Variables:
PATH=F:\TOOL\cygwin64\bin;C:\ProgramData\Oracle\Java\javapath;C:\Windows\system32;C:\Windows;C:\Windows\System32\Wbem;C:\Windows\System32\WindowsPowerShell\v1.0\;C:\Program Files (x86)\NVIDIA Corporation\PhysX\Common;D:\tool\MATLAB\R2017a\runtime\win64;D:\tool\MATLAB\R2017a\bin;C:\Program Files\Intel\WiFi\bin\;C:\Program Files\Common Files\Intel\WirelessCommon\;D:\tool\PuTTY\;D:\tool\Git\cmd;C:\Program Files\Microsoft SQL Server\130\Tools\Binn\;F:\TOOL\MikTex\miktex\bin\x64\;F:\TOOL\KlatexFormula\KLatexFormula-4.1.0\bin;C:\Users\techp\AppData\Local\Programs\Python\Python38\Scripts\;C:\Users\techp\AppData\Local\Programs\Python\Python38\;C:\Users\techp\AppData\Local\Programs\Python\Python37\Scripts\;C:\Users\techp\AppData\Local\Programs\Python\Python37\;C:\Program Files\Intel\WiFi\bin\;C:\Program Files\Common Files\Intel\WirelessCommon\
USERNAME=techp
OS=Windows_NT
PROCESSOR_IDENTIFIER=Intel64 Family 6 Model 158 Stepping 9, GenuineIntel



---------------  S Y S T E M  ---------------

OS: Windows 7 , 64 bit Build 7601 (6.1.7601.18015)

CPU:total 8 (initial active 8) (4 cores per cpu, 2 threads per core) family 6 model 158 stepping 9, cmov, cx8, fxsr, mmx, sse, sse2, sse3, ssse3, sse4.1, sse4.2, popcnt, avx, avx2, aes, clmul, erms, 3dnowpref, lzcnt, ht, tsc, tscinvbit, bmi1, bmi2, adx

Memory: 4k page, physical 12335340k(1221308k free), swap 13589676k(4940k free)

vm_info: OpenJDK 64-Bit Server VM (25.242-b01) for windows-amd64 JRE (1.8.0_242-release-1644-b01), built by "builder" with MS VC++ 10.0 (VS2010)

time: Tue Jul 21 21:18:44 2020
timezone: Pacific Daylight Time
elapsed time: 5642 seconds (0d 1h 34m 2s)

